<?xml version="1.0" encoding="UTF-8"?>
<testng-results ignored="0" total="1" passed="1" failed="0" skipped="0">
  <reporter-output>
  </reporter-output>
  <suite started-at="2023-11-28T21:28:10 IST" name="Default suite" finished-at="2023-11-28T21:28:18 IST" duration-ms="7691">
    <groups>
    </groups>
    <test started-at="2023-11-28T21:28:10 IST" name="Default test" finished-at="2023-11-28T21:28:18 IST" duration-ms="7691">
      <class name="day7.RightClick">
        <test-method is-config="true" signature="setup()[pri:0, instance:day7.RightClick@4fb0f2b9]" started-at="2023-11-28T21:28:10 IST" name="setup" finished-at="2023-11-28T21:28:12 IST" duration-ms="2268" status="PASS">
          <reporter-output>
          </reporter-output>
        </test-method> <!-- setup -->
        <test-method signature="TC1()[pri:0, instance:day7.RightClick@4fb0f2b9]" started-at="2023-11-28T21:28:12 IST" name="TC1" finished-at="2023-11-28T21:28:18 IST" duration-ms="5374" status="PASS">
          <reporter-output>
          </reporter-output>
        </test-method> <!-- TC1 -->
      </class> <!-- day7.RightClick -->
    </test> <!-- Default test -->
  </suite> <!-- Default suite -->
</testng-results>
