<?xml version="1.0" encoding="UTF-8"?>
<testng-results ignored="0" total="1" passed="1" failed="0" skipped="0">
  <reporter-output>
  </reporter-output>
  <suite started-at="2023-11-29T21:59:09 IST" name="Default suite" finished-at="2023-11-29T21:59:18 IST" duration-ms="8525">
    <groups>
    </groups>
    <test started-at="2023-11-29T21:59:09 IST" name="Default test" finished-at="2023-11-29T21:59:18 IST" duration-ms="8525">
      <class name="day8.BrokenLinks">
        <test-method is-config="true" signature="setup()[pri:0, instance:day8.BrokenLinks@6b927fb]" started-at="2023-11-29T21:59:09 IST" name="setup" finished-at="2023-11-29T21:59:13 IST" duration-ms="3696" status="PASS">
          <reporter-output>
          </reporter-output>
        </test-method> <!-- setup -->
        <test-method signature="TC1()[pri:0, instance:day8.BrokenLinks@6b927fb]" started-at="2023-11-29T21:59:13 IST" name="TC1" finished-at="2023-11-29T21:59:18 IST" duration-ms="4793" status="PASS">
          <reporter-output>
          </reporter-output>
        </test-method> <!-- TC1 -->
      </class> <!-- day8.BrokenLinks -->
    </test> <!-- Default test -->
  </suite> <!-- Default suite -->
</testng-results>
