<?xml version="1.0" encoding="UTF-8"?>
<!-- Generated by org.testng.reporters.JUnitXMLReporter -->
<testsuite ignored="3" hostname="LAPTOP-NHN3ETP0" failures="0" tests="1" name="Groups" time="3.7" errors="0" timestamp="2023-06-20T22:32:53 IST">
  <testcase classname="day5.GroupsTestNG" name="Tc2" time="0.014"/>
  <testcase classname="day5.GroupsTestNG" name="Tc4" time="0.0">
    <ignored/>
  </testcase> <!-- Tc4 -->
  <testcase classname="day5.GroupsTestNG" name="Tc1" time="0.0">
    <ignored/>
  </testcase> <!-- Tc1 -->
  <testcase classname="day5.GroupsTestNG" name="Tc3" time="0.0">
    <ignored/>
  </testcase> <!-- Tc3 -->
</testsuite> <!-- Groups -->
