<?xml version="1.0" encoding="UTF-8"?>
<!-- Generated by org.testng.reporters.JUnitXMLReporter -->
<testsuite ignored="2" hostname="LAPTOP-NHN3ETP0" failures="0" tests="2" name="Test" time="0.085" errors="0" timestamp="2023-06-21T06:59:18 IST">
  <testcase classname="day6.GroupTestNG" name="Tc1" time="0.01"/>
  <testcase classname="day6.GroupTestNG" name="Tc2" time="0.004"/>
  <testcase classname="day6.GroupTestNG" name="Tc4" time="0.0">
    <ignored/>
  </testcase> <!-- Tc4 -->
  <testcase classname="day6.GroupTestNG" name="Tc3" time="0.0">
    <ignored/>
  </testcase> <!-- Tc3 -->
</testsuite> <!-- Test -->
